[01m[K/home/peky/peky_safmc/mrs_safmc_cate_image/ros2_ws/src/aruco/image_converter.cpp:3:10:[m[K [01;31m[Kfatal error: [m[Krclcpp/rclcpp.hpp: No such file or directory
    3 | #include [01;31m[K"rclcpp/rclcpp.hpp"[m[K
      |          [01;31m[K^~~~~~~~~~~~~~~~~~~[m[K
compilation terminated.
gmake[2]: *** [CMakeFiles/aruco_utils.dir/build.make:76: CMakeFiles/aruco_utils.dir/home/peky/peky_safmc/mrs_safmc_cate_image/ros2_ws/src/aruco/image_converter.cpp.o] Error 1
gmake[1]: *** [CMakeFiles/Makefile2:139: CMakeFiles/aruco_utils.dir/all] Error 2
gmake: *** [Makefile:146: all] Error 2
