[0.008s] Invoking command in '/home/peky/peky_safmc/mrs_safmc_cate_image/ros2_ws/build/control_logic': CMAKE_PREFIX_PATH=/opt/ros/humble /usr/bin/cmake /home/peky/peky_safmc/mrs_safmc_cate_image/ros2_ws/src/control_logic -DAMENT_CMAKE_SYMLINK_INSTALL=1 -DCMAKE_INSTALL_PREFIX=/home/peky/peky_safmc/mrs_safmc_cate_image/ros2_ws/install/control_logic
[0.015s] -- Found ament_cmake: 1.3.11 (/opt/ros/humble/share/ament_cmake/cmake)
[0.090s] -- Override CMake install command with custom implementation using symlinks instead of copying resources
[0.093s] -- Found rclcpp: 16.0.11 (/opt/ros/humble/share/rclcpp/cmake)
[0.108s] -- Found rosidl_generator_c: 3.1.6 (/opt/ros/humble/share/rosidl_generator_c/cmake)
[0.109s] -- Found rosidl_adapter: 3.1.6 (/opt/ros/humble/share/rosidl_adapter/cmake)
[0.113s] -- Found rosidl_generator_cpp: 3.1.6 (/opt/ros/humble/share/rosidl_generator_cpp/cmake)
[0.118s] -- Using all available rosidl_typesupport_c: rosidl_typesupport_fastrtps_c;rosidl_typesupport_introspection_c
[0.125s] -- Using all available rosidl_typesupport_cpp: rosidl_typesupport_fastrtps_cpp;rosidl_typesupport_introspection_cpp
[0.143s] -- Found rmw_implementation_cmake: 6.1.2 (/opt/ros/humble/share/rmw_implementation_cmake/cmake)
[0.144s] -- Found rmw_fastrtps_cpp: 6.2.7 (/opt/ros/humble/share/rmw_fastrtps_cpp/cmake)
[0.205s] -- Using RMW implementation 'rmw_fastrtps_cpp' as default
[0.233s] -- Found px4_msgs: 2.0.1 (/home/peky/peky_safmc/mrs_safmc_cate_image/ros2_ws/install/px4_msgs/share/px4_msgs/cmake)
[0.239s] -- Found geometry_msgs: 4.2.4 (/opt/ros/humble/share/geometry_msgs/cmake)
[0.246s] -- Found sensor_msgs: 4.2.4 (/opt/ros/humble/share/sensor_msgs/cmake)
[0.255s] -- Found cv_bridge: 3.2.1 (/opt/ros/humble/share/cv_bridge/cmake)
[0.259s] -- Found image_transport: 3.1.10 (/opt/ros/humble/share/image_transport/cmake)
[0.272s] -- Found tf2: 0.25.9 (/opt/ros/humble/share/tf2/cmake)
[0.274s] -- Found tf2_ros: 0.25.9 (/opt/ros/humble/share/tf2_ros/cmake)
[0.352s] -- Configuring done
[0.358s] -- Generating done
[0.361s] -- Build files have been written to: /home/peky/peky_safmc/mrs_safmc_cate_image/ros2_ws/build/control_logic
[0.365s] Invoked command in '/home/peky/peky_safmc/mrs_safmc_cate_image/ros2_ws/build/control_logic' returned '0': CMAKE_PREFIX_PATH=/opt/ros/humble /usr/bin/cmake /home/peky/peky_safmc/mrs_safmc_cate_image/ros2_ws/src/control_logic -DAMENT_CMAKE_SYMLINK_INSTALL=1 -DCMAKE_INSTALL_PREFIX=/home/peky/peky_safmc/mrs_safmc_cate_image/ros2_ws/install/control_logic
[0.367s] Invoking command in '/home/peky/peky_safmc/mrs_safmc_cate_image/ros2_ws/build/control_logic': CMAKE_PREFIX_PATH=/opt/ros/humble /usr/bin/cmake --build /home/peky/peky_safmc/mrs_safmc_cate_image/ros2_ws/build/control_logic -- -j16 -l16
[0.400s] [ 25%] [32mBuilding CXX object CMakeFiles/aruco_utils.dir/home/peky/peky_safmc/mrs_safmc_cate_image/ros2_ws/src/aruco/image_converter.cpp.o[0m
[0.417s] [01m[K/home/peky/peky_safmc/mrs_safmc_cate_image/ros2_ws/src/aruco/image_converter.cpp:3:10:[m[K [01;31m[Kfatal error: [m[Krclcpp/rclcpp.hpp: No such file or directory
[0.417s]     3 | #include [01;31m[K"rclcpp/rclcpp.hpp"[m[K
[0.417s]       |          [01;31m[K^~~~~~~~~~~~~~~~~~~[m[K
[0.417s] compilation terminated.
[0.417s] gmake[2]: *** [CMakeFiles/aruco_utils.dir/build.make:76: CMakeFiles/aruco_utils.dir/home/peky/peky_safmc/mrs_safmc_cate_image/ros2_ws/src/aruco/image_converter.cpp.o] Error 1
[0.417s] gmake[1]: *** [CMakeFiles/Makefile2:139: CMakeFiles/aruco_utils.dir/all] Error 2
[0.418s] gmake: *** [Makefile:146: all] Error 2
[0.420s] Invoked command in '/home/peky/peky_safmc/mrs_safmc_cate_image/ros2_ws/build/control_logic' returned '2': CMAKE_PREFIX_PATH=/opt/ros/humble /usr/bin/cmake --build /home/peky/peky_safmc/mrs_safmc_cate_image/ros2_ws/build/control_logic -- -j16 -l16
